<?xml version="1.0" encoding="UTF-8"?>
<testsuite name="tests.WebQuizEngineTest" tests="1" skipped="0" failures="0" errors="0" timestamp="2020-08-10T13:42:20" hostname="DESKTOP-2EG3TM8" time="8.169">
  <properties/>
  <testcase name="start" classname="tests.WebQuizEngineTest" time="8.169"/>
  <system-out><![CDATA[?[1;31m
Start test 1?[0m

  .   ____          _            __ _ _
 /\\ / ___'_ __ _ _(_)_ __  __ _ \ \ \ \
( ( )\___ | '_ | '_| | '_ \/ _` | \ \ \ \
 \\/  ___)| |_)| | | | | || (_| |  ) ) ) )
  '  |____| .__|_| |_|_| |_\__, | / / / /
 =========|_|==============|___/=/_/_/_/
 :: Spring Boot ::        (v2.2.6.RELEASE)

2020-08-10 15:42:22.057  INFO 8856 --- [    Test worker] engine.WebQuizEngine                     : Starting WebQuizEngine on DESKTOP-2EG3TM8 with PID 8856 (started by Ja in C:\Users\Ja\IdeaProjects\Web Quiz Engine\Web Quiz Engine\task)
2020-08-10 15:42:22.062  INFO 8856 --- [    Test worker] engine.WebQuizEngine                     : No active profile set, falling back to default profiles: default
2020-08-10 15:42:23.617  INFO 8856 --- [    Test worker] .s.d.r.c.RepositoryConfigurationDelegate : Bootstrapping Spring Data JPA repositories in DEFAULT mode.
2020-08-10 15:42:23.713  INFO 8856 --- [    Test worker] .s.d.r.c.RepositoryConfigurationDelegate : Finished Spring Data repository scanning in 85ms. Found 2 JPA repository interfaces.
2020-08-10 15:42:24.507  INFO 8856 --- [    Test worker] o.s.b.w.embedded.tomcat.TomcatWebServer  : Tomcat initialized with port(s): 8889 (http)
2020-08-10 15:42:24.522  INFO 8856 --- [    Test worker] o.apache.catalina.core.StandardService   : Starting service [Tomcat]
2020-08-10 15:42:24.523  INFO 8856 --- [    Test worker] org.apache.catalina.core.StandardEngine  : Starting Servlet engine: [Apache Tomcat/9.0.33]
2020-08-10 15:42:24.730  INFO 8856 --- [    Test worker] o.a.c.c.C.[Tomcat].[localhost].[/]       : Initializing Spring embedded WebApplicationContext
2020-08-10 15:42:24.730  INFO 8856 --- [    Test worker] o.s.web.context.ContextLoader            : Root WebApplicationContext: initialization completed in 2584 ms
2020-08-10 15:42:24.873  INFO 8856 --- [    Test worker] com.zaxxer.hikari.HikariDataSource       : HikariPool-1 - Starting...
2020-08-10 15:42:25.086  INFO 8856 --- [    Test worker] com.zaxxer.hikari.HikariDataSource       : HikariPool-1 - Start completed.
2020-08-10 15:42:25.093  INFO 8856 --- [    Test worker] o.s.b.a.h2.H2ConsoleAutoConfiguration    : H2 console available at '/h2-console'. Database available at 'jdbc:h2:file:../quizdb'
2020-08-10 15:42:25.416  INFO 8856 --- [    Test worker] o.hibernate.jpa.internal.util.LogHelper  : HHH000204: Processing PersistenceUnitInfo [name: default]
2020-08-10 15:42:25.521  INFO 8856 --- [    Test worker] org.hibernate.Version                    : HHH000412: Hibernate ORM core version 5.4.12.Final
2020-08-10 15:42:25.774  INFO 8856 --- [    Test worker] o.hibernate.annotations.common.Version   : HCANN000001: Hibernate Commons Annotations {5.1.0.Final}
2020-08-10 15:42:25.945  INFO 8856 --- [    Test worker] org.hibernate.dialect.Dialect            : HHH000400: Using dialect: org.hibernate.dialect.H2Dialect
Hibernate: create table question_answer (question_id integer not null, answer varchar(255))
Hibernate: create table question_options (question_id integer not null, options varchar(255))
Hibernate: create table questions (id integer not null, text varchar(255), title varchar(255), primary key (id))
Hibernate: create table user (id integer not null, email varchar(255), enabled boolean, password varchar(255), primary key (id))
Hibernate: alter table user drop constraint if exists UK_ob8kqyqqgmefl0aco34akdtpe
Hibernate: alter table user add constraint UK_ob8kqyqqgmefl0aco34akdtpe unique (email)
Hibernate: create sequence hibernate_sequence start with 1 increment by 1
Hibernate: create sequence seq start with 0 increment by 1
Hibernate: alter table question_answer add constraint FKpgc6cidvg9xr27j4170epkcaq foreign key (question_id) references questions
Hibernate: alter table question_options add constraint FKsb9v00wdrgc9qojtjkv7e1gkp foreign key (question_id) references questions
2020-08-10 15:42:26.961  INFO 8856 --- [    Test worker] o.h.e.t.j.p.i.JtaPlatformInitiator       : HHH000490: Using JtaPlatform implementation: [org.hibernate.engine.transaction.jta.platform.internal.NoJtaPlatform]
2020-08-10 15:42:26.976  INFO 8856 --- [    Test worker] j.LocalContainerEntityManagerFactoryBean : Initialized JPA EntityManagerFactory for persistence unit 'default'
2020-08-10 15:42:27.411  WARN 8856 --- [    Test worker] JpaBaseConfiguration$JpaWebConfiguration : spring.jpa.open-in-view is enabled by default. Therefore, database queries may be performed during view rendering. Explicitly configure spring.jpa.open-in-view to disable this warning
2020-08-10 15:42:27.628  INFO 8856 --- [    Test worker] o.s.s.web.DefaultSecurityFilterChain     : Creating filter chain: any request, [org.springframework.security.web.context.request.async.WebAsyncManagerIntegrationFilter@51577cbd, org.springframework.security.web.context.SecurityContextPersistenceFilter@772923af, org.springframework.security.web.header.HeaderWriterFilter@8801988, org.springframework.security.web.authentication.logout.LogoutFilter@77c210d0, org.springframework.security.web.authentication.www.BasicAuthenticationFilter@7eaea215, org.springframework.security.web.savedrequest.RequestCacheAwareFilter@2869ebb1, org.springframework.security.web.servletapi.SecurityContextHolderAwareRequestFilter@1de5486, org.springframework.security.web.authentication.AnonymousAuthenticationFilter@71b7a115, org.springframework.security.web.session.SessionManagementFilter@1ed7b588, org.springframework.security.web.access.ExceptionTranslationFilter@7f7bc152, org.springframework.security.web.access.intercept.FilterSecurityInterceptor@7b9234bc]
2020-08-10 15:42:27.736  INFO 8856 --- [    Test worker] o.s.s.concurrent.ThreadPoolTaskExecutor  : Initializing ExecutorService 'applicationTaskExecutor'
2020-08-10 15:42:28.047  INFO 8856 --- [    Test worker] o.s.b.a.e.web.EndpointLinksResolver      : Exposing 14 endpoint(s) beneath base path '/actuator'
2020-08-10 15:42:28.116  INFO 8856 --- [    Test worker] o.s.b.w.embedded.tomcat.TomcatWebServer  : Tomcat started on port(s): 8889 (http) with context path ''
2020-08-10 15:42:28.120  INFO 8856 --- [    Test worker] engine.WebQuizEngine                     : Started WebQuizEngine in 7.014 seconds (JVM running for 8.01)
?[1;31m
Start test 2?[0m
?[1;31m
Start test 3?[0m
?[1;31m
Start test 4?[0m
?[1;31m
Start test 5?[0m
?[1;31m
Start test 6?[0m
?[1;31m
Start test 7?[0m
?[1;31m
Start test 8?[0m
?[1;31m
Start test 9?[0m
?[1;31m
Start test 10?[0m
?[1;31m
Start test 11?[0m
?[1;31m
Start test 12?[0m
?[1;31m
Start test 13?[0m
?[1;31m
Start test 14?[0m
?[1;31m
Start test 15?[0m
?[1;31m
Start test 16?[0m
?[1;31m
Start test 17?[0m
?[1;31m
Start test 18?[0m
?[1;31m
Start test 19?[0m
?[1;31m
Start test 20?[0m
?[1;31m
Start test 21?[0m
?[1;31m
Start test 22?[0m
?[1;31m
Start test 23?[0m
?[1;31m
Start test 24?[0m
?[1;31m
Start test 25?[0m
?[1;31m
Start test 26?[0m
?[1;31m
Start test 27?[0m
?[1;31m
Start test 28?[0m
?[1;31m
Start test 29?[0m
?[1;31m
Start test 30?[0m
?[1;31m
Start test 31?[0m
?[1;31m
Start test 32?[0m
?[1;31m
Start test 33?[0m
?[1;31m
Start test 34?[0m
?[1;31m
Start test 35?[0m
?[1;31m
Start test 36?[0m
?[1;31m
Start test 37?[0m
?[1;31m
Start test 38?[0m
?[1;31m
Start test 39?[0m
?[1;31m
Start test 40?[0m
?[1;31m
Start test 41?[0m
?[1;31m
Start test 42?[0m
?[1;31m
Start test 43?[0m
?[1;31m
Start test 44?[0m
?[1;31m
Start test 45?[0m
?[1;31m
Start test 46?[0m
?[1;31m
Start test 47?[0m
?[1;31m
Start test 48?[0m
?[1;31m
Start test 49?[0m
?[1;31m
Start test 50?[0m
?[1;31m
Start test 51?[0m
?[1;31m
Start test 52?[0m
?[1;31m
Start test 53?[0m
?[1;31m
Start test 54?[0m
?[1;31m
Start test 55?[0m
?[1;31m
Start test 56?[0m
?[1;31m
Start test 57?[0m
?[1;31m
Start test 58?[0m
?[1;31m
Start test 59?[0m
?[1;31m
Start test 60?[0m
?[1;31m
Start test 61?[0m
?[1;31m
Start test 62?[0m
?[1;31m
Start test 63?[0m
?[1;31m
Start test 64?[0m
?[1;31m
Start test 65?[0m
?[1;31m
Start test 66?[0m
?[1;31m
Start test 67?[0m
?[1;31m
Start test 68?[0m
?[1;31m
Start test 69?[0m
?[1;31m
Start test 70?[0m
?[1;31m
Start test 71?[0m
?[1;31m
Start test 72?[0m
?[1;31m
Start test 73?[0m
?[1;31m
Start test 74?[0m
?[1;31m
Start test 75?[0m
?[1;31m
Start test 76?[0m
?[1;31m
Start test 77?[0m
?[1;31m
Start test 78?[0m
?[1;31m
Start test 79?[0m
?[1;31m
Start test 80?[0m
?[1;31m
Start test 81?[0m
?[1;31m
Start test 82?[0m
?[1;31m
Start test 83?[0m
?[1;31m
Start test 84?[0m
?[1;31m
Start test 85?[0m
?[1;31m
Start test 86?[0m
?[1;31m
Start test 87?[0m
?[1;31m
Start test 88?[0m
?[1;31m
Start test 89?[0m
?[1;31m
Start test 90?[0m
?[1;31m
Start test 91?[0m
?[1;31m
Start test 92?[0m
?[1;31m
Start test 93?[0m
?[1;31m
Start test 94?[0m
?[1;31m
Start test 95?[0m
?[1;31m
Start test 96?[0m
?[1;31m
Start test 97?[0m
?[1;31m
Start test 98?[0m
?[1;31m
Start test 99?[0m
?[1;31m
Start test 100?[0m
?[1;31m
Start test 101?[0m
?[1;31m
Start test 102?[0m
?[1;31m
Start test 103?[0m
?[1;31m
Start test 104?[0m
?[1;31m
Start test 105?[0m
?[1;31m
Start test 106?[0m
?[1;31m
Start test 107?[0m
?[1;31m
Start test 108?[0m
?[1;31m
Start test 109?[0m
?[1;31m
Start test 110?[0m
?[1;31m
Start test 111?[0m
?[1;31m
Start test 112?[0m
?[1;31m
Start test 113?[0m
?[1;31m
Start test 114?[0m
?[1;31m
Start test 115?[0m
?[1;31m
Start test 116?[0m
?[1;31m
Start test 117?[0m
?[1;31m
Start test 118?[0m
?[1;31m
Start test 119?[0m
?[1;31m
Start test 120?[0m
?[1;31m
Start test 121?[0m
?[1;31m
Start test 122?[0m
?[1;31m
Start test 123?[0m
?[1;31m
Start test 124?[0m
?[1;31m
Start test 125?[0m
?[1;31m
Start test 126?[0m
?[1;31m
Start test 127?[0m
?[1;31m
Start test 128?[0m
?[1;31m
Start test 129?[0m
?[1;31m
Start test 130?[0m
?[1;31m
Start test 131?[0m
?[1;31m
Start test 132?[0m
?[1;31m
Start test 133?[0m
?[1;31m
Start test 134?[0m
?[1;31m
Start test 135?[0m
?[1;31m
Start test 136?[0m
?[1;31m
Start test 137?[0m
?[1;31m
Start test 138?[0m
?[1;31m
Start test 139?[0m
?[1;31m
Start test 140?[0m
?[1;31m
Start test 141?[0m
?[1;31m
Start test 142?[0m
?[1;31m
Start test 143?[0m
?[1;31m
Start test 144?[0m
?[1;31m
Start test 145?[0m
?[1;31m
Start test 146?[0m
?[1;31m
Start test 147?[0m
?[1;31m
Start test 148?[0m
?[1;31m
Start test 149?[0m
?[1;31m
Start test 150?[0m
?[1;31m
Start test 151?[0m
?[1;31m
Start test 152?[0m
?[1;31m
Start test 153?[0m
?[1;31m
Start test 154?[0m
?[1;31m
Start test 155?[0m
?[1;31m
Start test 156?[0m
?[1;31m
Start test 157?[0m
?[1;31m
Start test 158?[0m
?[1;31m
Start test 159?[0m
?[1;31m
Start test 160?[0m
?[1;31m
Start test 161?[0m
?[1;31m
Start test 162?[0m
?[1;31m
Start test 163?[0m
?[1;31m
Start test 164?[0m
?[1;31m
Start test 165?[0m
?[1;31m
Start test 166?[0m
?[1;31m
Start test 167?[0m
?[1;31m
Start test 168?[0m
?[1;31m
Start test 169?[0m
?[1;31m
Start test 170?[0m
?[1;31m
Start test 171?[0m
?[1;31m
Start test 172?[0m
?[1;31m
Start test 173?[0m
?[1;31m
Start test 174?[0m
?[1;31m
Start test 175?[0m
?[1;31m
Start test 176?[0m
?[1;31m
Start test 177?[0m
?[1;31m
Start test 178?[0m
?[1;31m
Start test 179?[0m
?[1;31m
Start test 180?[0m
?[1;31m
Start test 181?[0m
?[1;31m
Start test 182?[0m
?[1;31m
Start test 183?[0m
?[1;31m
Start test 184?[0m
?[1;31m
Start test 185?[0m
?[1;31m
Start test 186?[0m
?[1;31m
Start test 187?[0m
?[1;31m
Start test 188?[0m
?[1;31m
Start test 189?[0m
?[1;31m
Start test 190?[0m
?[1;31m
Start test 191?[0m
?[1;31m
Start test 192?[0m
?[1;31m
Start test 193?[0m
?[1;31m
Start test 194?[0m
?[1;31m
Start test 195?[0m
?[1;31m
Start test 196?[0m
?[1;31m
Start test 197?[0m
?[1;31m
Start test 198?[0m
?[1;31m
Start test 199?[0m
?[1;31m
Start test 200?[0m
?[1;31m
Start test 201?[0m
?[1;31m
Start test 202?[0m
?[1;31m
Start test 203?[0m
?[1;31m
Start test 204?[0m
?[1;31m
Start test 205?[0m
?[1;31m
Start test 206?[0m
?[1;31m
Start test 207?[0m
?[1;31m
Start test 208?[0m
?[1;31m
Start test 209?[0m
?[1;31m
Start test 210?[0m
?[1;31m
Start test 211?[0m
?[1;31m
Start test 212?[0m
?[1;31m
Start test 213?[0m
?[1;31m
Start test 214?[0m
?[1;31m
Start test 215?[0m
?[1;31m
Start test 216?[0m
?[1;31m
Start test 217?[0m
?[1;31m
Start test 218?[0m
?[1;31m
Start test 219?[0m
?[1;31m
Start test 220?[0m
?[1;31m
Start test 221?[0m
?[1;31m
Start test 222?[0m
?[1;31m
Start test 223?[0m
?[1;31m
Start test 224?[0m
?[1;31m
Start test 225?[0m
?[1;31m
Start test 226?[0m
?[1;31m
Start test 227?[0m
?[1;31m
Start test 228?[0m
?[1;31m
Start test 229?[0m
?[1;31m
Start test 230?[0m
?[1;31m
Start test 231?[0m
?[1;31m
Start test 232?[0m
?[1;31m
Start test 233?[0m
?[1;31m
Start test 234?[0m
2020-08-10 15:42:28.913  INFO 8856 --- [nio-8889-exec-1] o.a.c.c.C.[Tomcat].[localhost].[/]       : Initializing Spring DispatcherServlet 'dispatcherServlet'
2020-08-10 15:42:28.914  INFO 8856 --- [nio-8889-exec-1] o.s.web.servlet.DispatcherServlet        : Initializing Servlet 'dispatcherServlet'
2020-08-10 15:42:28.925  INFO 8856 --- [nio-8889-exec-1] o.s.web.servlet.DispatcherServlet        : Completed initialization in 11 ms
]]></system-out>
  <system-err><![CDATA[]]></system-err>
</testsuite>
