<?xml version="1.0" encoding="UTF-8"?>
<testsuite name="tests.WebQuizEngineTest" tests="1" skipped="0" failures="0" errors="0" timestamp="2020-08-06T08:38:47" hostname="DESKTOP-2EG3TM8" time="18.843">
  <properties/>
  <testcase name="start" classname="tests.WebQuizEngineTest" time="18.843"/>
  <system-out><![CDATA[?[1;31m
Start test 1?[0m

  .   ____          _            __ _ _
 /\\ / ___'_ __ _ _(_)_ __  __ _ \ \ \ \
( ( )\___ | '_ | '_| | '_ \/ _` | \ \ \ \
 \\/  ___)| |_)| | | | | || (_| |  ) ) ) )
  '  |____| .__|_| |_|_| |_\__, | / / / /
 =========|_|==============|___/=/_/_/_/
 :: Spring Boot ::        (v2.2.6.RELEASE)

2020-08-06 10:38:48.459  INFO 15000 --- [    Test worker] engine.WebQuizEngine                     : Starting WebQuizEngine on DESKTOP-2EG3TM8 with PID 15000 (started by Ja in C:\Users\Ja\IdeaProjects\Web Quiz Engine\Web Quiz Engine\task)
2020-08-06 10:38:48.465  INFO 15000 --- [    Test worker] engine.WebQuizEngine                     : No active profile set, falling back to default profiles: default
2020-08-06 10:38:50.338  INFO 15000 --- [    Test worker] .s.d.r.c.RepositoryConfigurationDelegate : Bootstrapping Spring Data JPA repositories in DEFAULT mode.
2020-08-06 10:38:50.461  INFO 15000 --- [    Test worker] .s.d.r.c.RepositoryConfigurationDelegate : Finished Spring Data repository scanning in 97ms. Found 1 JPA repository interfaces.
2020-08-06 10:38:51.773  INFO 15000 --- [    Test worker] o.s.b.w.embedded.tomcat.TomcatWebServer  : Tomcat initialized with port(s): 8889 (http)
2020-08-06 10:38:51.790  INFO 15000 --- [    Test worker] o.apache.catalina.core.StandardService   : Starting service [Tomcat]
2020-08-06 10:38:51.791  INFO 15000 --- [    Test worker] org.apache.catalina.core.StandardEngine  : Starting Servlet engine: [Apache Tomcat/9.0.33]
2020-08-06 10:38:52.108  INFO 15000 --- [    Test worker] o.a.c.c.C.[Tomcat].[localhost].[/]       : Initializing Spring embedded WebApplicationContext
2020-08-06 10:38:52.108  INFO 15000 --- [    Test worker] o.s.web.context.ContextLoader            : Root WebApplicationContext: initialization completed in 3492 ms
2020-08-06 10:38:52.330  INFO 15000 --- [    Test worker] com.zaxxer.hikari.HikariDataSource       : HikariPool-1 - Starting...
2020-08-06 10:38:52.706  INFO 15000 --- [    Test worker] com.zaxxer.hikari.HikariDataSource       : HikariPool-1 - Start completed.
2020-08-06 10:38:52.719  INFO 15000 --- [    Test worker] o.s.b.a.h2.H2ConsoleAutoConfiguration    : H2 console available at '/h2-console'. Database available at 'jdbc:h2:file:../quizdb'
2020-08-06 10:38:53.319  INFO 15000 --- [    Test worker] o.hibernate.jpa.internal.util.LogHelper  : HHH000204: Processing PersistenceUnitInfo [name: default]
2020-08-06 10:38:53.463  INFO 15000 --- [    Test worker] org.hibernate.Version                    : HHH000412: Hibernate ORM core version 5.4.12.Final
2020-08-06 10:38:53.892  INFO 15000 --- [    Test worker] o.hibernate.annotations.common.Version   : HCANN000001: Hibernate Commons Annotations {5.1.0.Final}
2020-08-06 10:38:54.080  INFO 15000 --- [    Test worker] org.hibernate.dialect.Dialect            : HHH000400: Using dialect: org.hibernate.dialect.H2Dialect
Hibernate: create table question_answer (question_id integer not null, answer varchar(255))
Hibernate: create table question_options (question_id integer not null, options varchar(255))
Hibernate: create table questions (id integer not null, text varchar(255), title varchar(255), primary key (id))
Hibernate: create sequence seq start with 0 increment by 1
Hibernate: alter table question_answer add constraint FKpgc6cidvg9xr27j4170epkcaq foreign key (question_id) references questions
Hibernate: alter table question_options add constraint FKsb9v00wdrgc9qojtjkv7e1gkp foreign key (question_id) references questions
2020-08-06 10:38:55.510  INFO 15000 --- [    Test worker] o.h.e.t.j.p.i.JtaPlatformInitiator       : HHH000490: Using JtaPlatform implementation: [org.hibernate.engine.transaction.jta.platform.internal.NoJtaPlatform]
2020-08-06 10:38:55.521  INFO 15000 --- [    Test worker] j.LocalContainerEntityManagerFactoryBean : Initialized JPA EntityManagerFactory for persistence unit 'default'
2020-08-06 10:38:56.420  WARN 15000 --- [    Test worker] JpaBaseConfiguration$JpaWebConfiguration : spring.jpa.open-in-view is enabled by default. Therefore, database queries may be performed during view rendering. Explicitly configure spring.jpa.open-in-view to disable this warning
2020-08-06 10:38:56.656  INFO 15000 --- [    Test worker] o.s.s.concurrent.ThreadPoolTaskExecutor  : Initializing ExecutorService 'applicationTaskExecutor'
2020-08-06 10:38:57.378  INFO 15000 --- [    Test worker] o.s.b.a.e.web.EndpointLinksResolver      : Exposing 14 endpoint(s) beneath base path '/actuator'
2020-08-06 10:38:57.527  INFO 15000 --- [    Test worker] o.s.b.w.embedded.tomcat.TomcatWebServer  : Tomcat started on port(s): 8889 (http) with context path ''
2020-08-06 10:38:57.530  INFO 15000 --- [    Test worker] engine.WebQuizEngine                     : Started WebQuizEngine in 9.766 seconds (JVM running for 10.809)
2020-08-06 10:38:58.214  INFO 15000 --- [io-8889-exec-10] o.a.c.c.C.[Tomcat].[localhost].[/]       : Initializing Spring DispatcherServlet 'dispatcherServlet'
2020-08-06 10:38:58.216  INFO 15000 --- [io-8889-exec-10] o.s.web.servlet.DispatcherServlet        : Initializing Servlet 'dispatcherServlet'
2020-08-06 10:38:58.242  INFO 15000 --- [io-8889-exec-10] o.s.web.servlet.DispatcherServlet        : Completed initialization in 26 ms
Hibernate: select question0_.id as id1_2_, question0_.text as text2_2_, question0_.title as title3_2_ from questions question0_
?[1;31m
Start test 2?[0m
Hibernate: call next value for seq
Hibernate: insert into questions (text, title, id) values (?, ?, ?)
Hibernate: insert into question_answer (question_id, answer) values (?, ?)
Hibernate: insert into question_options (question_id, options) values (?, ?)
Hibernate: insert into question_options (question_id, options) values (?, ?)
Hibernate: insert into question_options (question_id, options) values (?, ?)
Hibernate: insert into question_options (question_id, options) values (?, ?)
?[1;31m
Start test 3?[0m
Hibernate: select question0_.id as id1_2_0_, question0_.text as text2_2_0_, question0_.title as title3_2_0_ from questions question0_ where question0_.id=?
Hibernate: select options0_.question_id as question1_1_0_, options0_.options as options2_1_0_ from question_options options0_ where options0_.question_id=?
?[1;31m
Start test 4?[0m
Hibernate: select question0_.id as id1_2_0_, question0_.text as text2_2_0_, question0_.title as title3_2_0_ from questions question0_ where question0_.id=?
?[1;31m
Start test 5?[0m
Hibernate: select question0_.id as id1_2_, question0_.text as text2_2_, question0_.title as title3_2_ from questions question0_
Hibernate: select options0_.question_id as question1_1_0_, options0_.options as options2_1_0_ from question_options options0_ where options0_.question_id=?
?[1;31m
Start test 6?[0m
Hibernate: call next value for seq
Hibernate: insert into questions (text, title, id) values (?, ?, ?)
Hibernate: insert into question_answer (question_id, answer) values (?, ?)
Hibernate: insert into question_options (question_id, options) values (?, ?)
Hibernate: insert into question_options (question_id, options) values (?, ?)
Hibernate: insert into question_options (question_id, options) values (?, ?)
Hibernate: insert into question_options (question_id, options) values (?, ?)
?[1;31m
Start test 7?[0m
Hibernate: select question0_.id as id1_2_0_, question0_.text as text2_2_0_, question0_.title as title3_2_0_ from questions question0_ where question0_.id=?
Hibernate: select options0_.question_id as question1_1_0_, options0_.options as options2_1_0_ from question_options options0_ where options0_.question_id=?
?[1;31m
Start test 8?[0m
Hibernate: select question0_.id as id1_2_0_, question0_.text as text2_2_0_, question0_.title as title3_2_0_ from questions question0_ where question0_.id=?
?[1;31m
Start test 9?[0m
Hibernate: select question0_.id as id1_2_, question0_.text as text2_2_, question0_.title as title3_2_ from questions question0_
Hibernate: select options0_.question_id as question1_1_0_, options0_.options as options2_1_0_ from question_options options0_ where options0_.question_id=?
Hibernate: select options0_.question_id as question1_1_0_, options0_.options as options2_1_0_ from question_options options0_ where options0_.question_id=?
?[1;31m
Start test 10?[0m
Hibernate: select question0_.id as id1_2_, question0_.text as text2_2_, question0_.title as title3_2_ from questions question0_
2
0
Hibernate: select options0_.question_id as question1_1_0_, options0_.options as options2_1_0_ from question_options options0_ where options0_.question_id=?
Hibernate: select answer0_.question_id as question1_0_0_, answer0_.answer as answer2_0_0_ from question_answer answer0_ where answer0_.question_id=?
[0]
[2]
?[1;31m
Start test 11?[0m
Hibernate: select question0_.id as id1_2_, question0_.text as text2_2_, question0_.title as title3_2_ from questions question0_
2
0
Hibernate: select options0_.question_id as question1_1_0_, options0_.options as options2_1_0_ from question_options options0_ where options0_.question_id=?
Hibernate: select answer0_.question_id as question1_0_0_, answer0_.answer as answer2_0_0_ from question_answer answer0_ where answer0_.question_id=?
[1]
[2]
?[1;31m
Start test 12?[0m
Hibernate: select question0_.id as id1_2_, question0_.text as text2_2_, question0_.title as title3_2_ from questions question0_
2
0
Hibernate: select options0_.question_id as question1_1_0_, options0_.options as options2_1_0_ from question_options options0_ where options0_.question_id=?
Hibernate: select answer0_.question_id as question1_0_0_, answer0_.answer as answer2_0_0_ from question_answer answer0_ where answer0_.question_id=?
[2]
[2]
?[1;31m
Start test 13?[0m
Hibernate: select question0_.id as id1_2_, question0_.text as text2_2_, question0_.title as title3_2_ from questions question0_
2
0
Hibernate: select options0_.question_id as question1_1_0_, options0_.options as options2_1_0_ from question_options options0_ where options0_.question_id=?
Hibernate: select answer0_.question_id as question1_0_0_, answer0_.answer as answer2_0_0_ from question_answer answer0_ where answer0_.question_id=?
[3]
[2]
?[1;31m
Start test 14?[0m
Hibernate: select question0_.id as id1_2_, question0_.text as text2_2_, question0_.title as title3_2_ from questions question0_
2
1
Hibernate: select options0_.question_id as question1_1_0_, options0_.options as options2_1_0_ from question_options options0_ where options0_.question_id=?
Hibernate: select answer0_.question_id as question1_0_0_, answer0_.answer as answer2_0_0_ from question_answer answer0_ where answer0_.question_id=?
[0]
[1]
?[1;31m
Start test 15?[0m
Hibernate: select question0_.id as id1_2_, question0_.text as text2_2_, question0_.title as title3_2_ from questions question0_
2
1
Hibernate: select options0_.question_id as question1_1_0_, options0_.options as options2_1_0_ from question_options options0_ where options0_.question_id=?
Hibernate: select answer0_.question_id as question1_0_0_, answer0_.answer as answer2_0_0_ from question_answer answer0_ where answer0_.question_id=?
[1]
[1]
?[1;31m
Start test 16?[0m
Hibernate: select question0_.id as id1_2_, question0_.text as text2_2_, question0_.title as title3_2_ from questions question0_
2
1
Hibernate: select options0_.question_id as question1_1_0_, options0_.options as options2_1_0_ from question_options options0_ where options0_.question_id=?
Hibernate: select answer0_.question_id as question1_0_0_, answer0_.answer as answer2_0_0_ from question_answer answer0_ where answer0_.question_id=?
[2]
[1]
?[1;31m
Start test 17?[0m
Hibernate: select question0_.id as id1_2_, question0_.text as text2_2_, question0_.title as title3_2_ from questions question0_
2
1
Hibernate: select options0_.question_id as question1_1_0_, options0_.options as options2_1_0_ from question_options options0_ where options0_.question_id=?
Hibernate: select answer0_.question_id as question1_0_0_, answer0_.answer as answer2_0_0_ from question_answer answer0_ where answer0_.question_id=?
[3]
[1]
?[1;31m
Start test 18?[0m
Hibernate: select question0_.id as id1_2_, question0_.text as text2_2_, question0_.title as title3_2_ from questions question0_
Hibernate: select options0_.question_id as question1_1_0_, options0_.options as options2_1_0_ from question_options options0_ where options0_.question_id=?
Hibernate: select options0_.question_id as question1_1_0_, options0_.options as options2_1_0_ from question_options options0_ where options0_.question_id=?
?[1;31m
Start test 19?[0m
2020-08-06 10:38:59.710  INFO 15000 --- [       Thread-6] o.s.s.concurrent.ThreadPoolTaskExecutor  : Shutting down ExecutorService 'applicationTaskExecutor'
2020-08-06 10:38:59.710  INFO 15000 --- [       Thread-6] j.LocalContainerEntityManagerFactoryBean : Closing JPA EntityManagerFactory for persistence unit 'default'
2020-08-06 10:38:59.713  INFO 15000 --- [       Thread-6] com.zaxxer.hikari.HikariDataSource       : HikariPool-1 - Shutdown initiated...
2020-08-06 10:38:59.755  INFO 15000 --- [       Thread-6] com.zaxxer.hikari.HikariDataSource       : HikariPool-1 - Shutdown completed.

  .   ____          _            __ _ _
 /\\ / ___'_ __ _ _(_)_ __  __ _ \ \ \ \
( ( )\___ | '_ | '_| | '_ \/ _` | \ \ \ \
 \\/  ___)| |_)| | | | | || (_| |  ) ) ) )
  '  |____| .__|_| |_|_| |_\__, | / / / /
 =========|_|==============|___/=/_/_/_/
 :: Spring Boot ::        (v2.2.6.RELEASE)

2020-08-06 10:38:59.887  INFO 15000 --- [    Test worker] engine.WebQuizEngine                     : Starting WebQuizEngine on DESKTOP-2EG3TM8 with PID 15000 (started by Ja in C:\Users\Ja\IdeaProjects\Web Quiz Engine\Web Quiz Engine\task)
2020-08-06 10:38:59.888  INFO 15000 --- [    Test worker] engine.WebQuizEngine                     : No active profile set, falling back to default profiles: default
2020-08-06 10:39:00.076  INFO 15000 --- [       Thread-6] o.apache.catalina.core.StandardService   : Stopping service [Tomcat]
2020-08-06 10:39:00.109  INFO 15000 --- [       Thread-6] o.a.c.c.C.[Tomcat].[localhost].[/]       : Destroying Spring FrameworkServlet 'dispatcherServlet'
2020-08-06 10:39:00.741  INFO 15000 --- [    Test worker] .s.d.r.c.RepositoryConfigurationDelegate : Bootstrapping Spring Data JPA repositories in DEFAULT mode.
2020-08-06 10:39:00.780  INFO 15000 --- [    Test worker] .s.d.r.c.RepositoryConfigurationDelegate : Finished Spring Data repository scanning in 39ms. Found 1 JPA repository interfaces.
2020-08-06 10:39:01.064  INFO 15000 --- [    Test worker] o.s.b.w.embedded.tomcat.TomcatWebServer  : Tomcat initialized with port(s): 8889 (http)
2020-08-06 10:39:01.070  INFO 15000 --- [    Test worker] o.apache.catalina.core.StandardService   : Starting service [Tomcat]
2020-08-06 10:39:01.071  INFO 15000 --- [    Test worker] org.apache.catalina.core.StandardEngine  : Starting Servlet engine: [Apache Tomcat/9.0.33]
2020-08-06 10:39:01.153  INFO 15000 --- [    Test worker] o.a.c.c.C.[Tomcat].[localhost].[/]       : Initializing Spring embedded WebApplicationContext
2020-08-06 10:39:01.153  INFO 15000 --- [    Test worker] o.s.web.context.ContextLoader            : Root WebApplicationContext: initialization completed in 1237 ms
2020-08-06 10:39:01.225  INFO 15000 --- [    Test worker] com.zaxxer.hikari.HikariDataSource       : HikariPool-2 - Starting...
2020-08-06 10:39:01.248  INFO 15000 --- [    Test worker] com.zaxxer.hikari.HikariDataSource       : HikariPool-2 - Start completed.
2020-08-06 10:39:01.248  INFO 15000 --- [    Test worker] o.s.b.a.h2.H2ConsoleAutoConfiguration    : H2 console available at '/h2-console'. Database available at 'jdbc:h2:file:../quizdb'
2020-08-06 10:39:01.481  INFO 15000 --- [    Test worker] o.hibernate.jpa.internal.util.LogHelper  : HHH000204: Processing PersistenceUnitInfo [name: default]
2020-08-06 10:39:01.500  INFO 15000 --- [    Test worker] org.hibernate.dialect.Dialect            : HHH000400: Using dialect: org.hibernate.dialect.H2Dialect
2020-08-06 10:39:01.822  INFO 15000 --- [    Test worker] o.h.e.t.j.p.i.JtaPlatformInitiator       : HHH000490: Using JtaPlatform implementation: [org.hibernate.engine.transaction.jta.platform.internal.NoJtaPlatform]
2020-08-06 10:39:01.822  INFO 15000 --- [    Test worker] j.LocalContainerEntityManagerFactoryBean : Initialized JPA EntityManagerFactory for persistence unit 'default'
2020-08-06 10:39:01.939  WARN 15000 --- [    Test worker] JpaBaseConfiguration$JpaWebConfiguration : spring.jpa.open-in-view is enabled by default. Therefore, database queries may be performed during view rendering. Explicitly configure spring.jpa.open-in-view to disable this warning
2020-08-06 10:39:01.988  INFO 15000 --- [    Test worker] o.s.s.concurrent.ThreadPoolTaskExecutor  : Initializing ExecutorService 'applicationTaskExecutor'
2020-08-06 10:39:02.448  INFO 15000 --- [    Test worker] o.s.b.a.e.web.EndpointLinksResolver      : Exposing 14 endpoint(s) beneath base path '/actuator'
2020-08-06 10:39:02.479  INFO 15000 --- [    Test worker] o.s.b.w.embedded.tomcat.TomcatWebServer  : Tomcat started on port(s): 8889 (http) with context path ''
2020-08-06 10:39:02.480  INFO 15000 --- [    Test worker] engine.WebQuizEngine                     : Started WebQuizEngine in 2.671 seconds (JVM running for 15.758)
?[1;31m
Start test 20?[0m
2020-08-06 10:39:02.493  INFO 15000 --- [nio-8889-exec-1] o.a.c.c.C.[Tomcat].[localhost].[/]       : Initializing Spring DispatcherServlet 'dispatcherServlet'
2020-08-06 10:39:02.494  INFO 15000 --- [nio-8889-exec-1] o.s.web.servlet.DispatcherServlet        : Initializing Servlet 'dispatcherServlet'
2020-08-06 10:39:02.511  INFO 15000 --- [nio-8889-exec-1] o.s.web.servlet.DispatcherServlet        : Completed initialization in 16 ms
Hibernate: select question0_.id as id1_2_, question0_.text as text2_2_, question0_.title as title3_2_ from questions question0_
Hibernate: select options0_.question_id as question1_1_0_, options0_.options as options2_1_0_ from question_options options0_ where options0_.question_id=?
Hibernate: select options0_.question_id as question1_1_0_, options0_.options as options2_1_0_ from question_options options0_ where options0_.question_id=?
?[1;31m
Start test 21?[0m
Hibernate: select question0_.id as id1_2_, question0_.text as text2_2_, question0_.title as title3_2_ from questions question0_
2
0
Hibernate: select options0_.question_id as question1_1_0_, options0_.options as options2_1_0_ from question_options options0_ where options0_.question_id=?
Hibernate: select answer0_.question_id as question1_0_0_, answer0_.answer as answer2_0_0_ from question_answer answer0_ where answer0_.question_id=?
[2]
[2]
?[1;31m
Start test 22?[0m
Hibernate: select question0_.id as id1_2_, question0_.text as text2_2_, question0_.title as title3_2_ from questions question0_
2
0
Hibernate: select options0_.question_id as question1_1_0_, options0_.options as options2_1_0_ from question_options options0_ where options0_.question_id=?
Hibernate: select answer0_.question_id as question1_0_0_, answer0_.answer as answer2_0_0_ from question_answer answer0_ where answer0_.question_id=?
[3]
[2]
?[1;31m
Start test 23?[0m
Hibernate: select question0_.id as id1_2_, question0_.text as text2_2_, question0_.title as title3_2_ from questions question0_
2
1
Hibernate: select options0_.question_id as question1_1_0_, options0_.options as options2_1_0_ from question_options options0_ where options0_.question_id=?
Hibernate: select answer0_.question_id as question1_0_0_, answer0_.answer as answer2_0_0_ from question_answer answer0_ where answer0_.question_id=?
[0]
[1]
?[1;31m
Start test 24?[0m
Hibernate: select question0_.id as id1_2_, question0_.text as text2_2_, question0_.title as title3_2_ from questions question0_
2
1
Hibernate: select options0_.question_id as question1_1_0_, options0_.options as options2_1_0_ from question_options options0_ where options0_.question_id=?
Hibernate: select answer0_.question_id as question1_0_0_, answer0_.answer as answer2_0_0_ from question_answer answer0_ where answer0_.question_id=?
[1]
[1]
?[1;31m
Start test 25?[0m
2020-08-06 10:39:02.624  WARN 15000 --- [nio-8889-exec-3] .w.s.m.s.DefaultHandlerExceptionResolver : Resolved [org.springframework.http.converter.HttpMessageNotReadableException: Could not read JSON: com.google.gson.stream.MalformedJsonException: Unterminated object at line 4 column 4 path $.options; nested exception is com.google.gson.JsonSyntaxException: com.google.gson.stream.MalformedJsonException: Unterminated object at line 4 column 4 path $.options]
?[1;31m
Start test 26?[0m
2020-08-06 10:39:02.696  WARN 15000 --- [nio-8889-exec-7] .w.s.m.s.DefaultHandlerExceptionResolver : Resolved [org.springframework.http.converter.HttpMessageNotReadableException: Could not read JSON: com.google.gson.stream.MalformedJsonException: Unterminated object at line 5 column 4 path $.options; nested exception is com.google.gson.JsonSyntaxException: com.google.gson.stream.MalformedJsonException: Unterminated object at line 5 column 4 path $.options]
?[1;31m
Start test 27?[0m
2020-08-06 10:39:02.725  WARN 15000 --- [nio-8889-exec-7] .w.s.m.s.DefaultHandlerExceptionResolver : Resolved [org.springframework.http.converter.HttpMessageNotReadableException: Could not read JSON: com.google.gson.stream.MalformedJsonException: Unterminated object at line 4 column 4 path $.options; nested exception is com.google.gson.JsonSyntaxException: com.google.gson.stream.MalformedJsonException: Unterminated object at line 4 column 4 path $.options]
?[1;31m
Start test 28?[0m
2020-08-06 10:39:02.735  WARN 15000 --- [nio-8889-exec-7] .w.s.m.s.DefaultHandlerExceptionResolver : Resolved [org.springframework.http.converter.HttpMessageNotReadableException: Could not read JSON: com.google.gson.stream.MalformedJsonException: Unterminated object at line 5 column 4 path $.options; nested exception is com.google.gson.JsonSyntaxException: com.google.gson.stream.MalformedJsonException: Unterminated object at line 5 column 4 path $.options]
?[1;31m
Start test 29?[0m
2020-08-06 10:39:02.893  WARN 15000 --- [nio-8889-exec-7] .w.s.m.s.DefaultHandlerExceptionResolver : Resolved [org.springframework.web.bind.MethodArgumentNotValidException: Validation failed for argument [0] in public org.springframework.http.ResponseEntity<com.google.gson.JsonObject> engine.controller.QuizController.createQuiz(engine.quiz.Question): [Field error in object 'question' on field 'options': rejected value [null]; codes [NotEmpty.question.options,NotEmpty.options,NotEmpty.java.util.List,NotEmpty]; arguments [org.springframework.context.support.DefaultMessageSourceResolvable: codes [question.options,options]; arguments []; default message [options]]; default message [must not be empty]] ]
?[1;31m
Start test 30?[0m
2020-08-06 10:39:02.922  WARN 15000 --- [nio-8889-exec-1] .w.s.m.s.DefaultHandlerExceptionResolver : Resolved [org.springframework.http.converter.HttpMessageNotReadableException: Could not read JSON: com.google.gson.stream.MalformedJsonException: Unterminated object at line 5 column 4 path $.options; nested exception is com.google.gson.JsonSyntaxException: com.google.gson.stream.MalformedJsonException: Unterminated object at line 5 column 4 path $.options]
?[1;31m
Start test 31?[0m
2020-08-06 10:39:02.944  WARN 15000 --- [nio-8889-exec-2] .w.s.m.s.DefaultHandlerExceptionResolver : Resolved [org.springframework.http.converter.HttpMessageNotReadableException: Could not read JSON: com.google.gson.stream.MalformedJsonException: Unterminated object at line 5 column 4 path $.options; nested exception is com.google.gson.JsonSyntaxException: com.google.gson.stream.MalformedJsonException: Unterminated object at line 5 column 4 path $.options]
?[1;31m
Start test 32?[0m
Hibernate: call next value for seq
Hibernate: insert into questions (text, title, id) values (?, ?, ?)
Hibernate: insert into question_answer (question_id, answer) values (?, ?)
Hibernate: insert into question_answer (question_id, answer) values (?, ?)
Hibernate: insert into question_options (question_id, options) values (?, ?)
Hibernate: insert into question_options (question_id, options) values (?, ?)
Hibernate: insert into question_options (question_id, options) values (?, ?)
Hibernate: insert into question_options (question_id, options) values (?, ?)
?[1;31m
Start test 33?[0m
Hibernate: select question0_.id as id1_2_0_, question0_.text as text2_2_0_, question0_.title as title3_2_0_ from questions question0_ where question0_.id=?
Hibernate: select options0_.question_id as question1_1_0_, options0_.options as options2_1_0_ from question_options options0_ where options0_.question_id=?
?[1;31m
Start test 34?[0m
Hibernate: select question0_.id as id1_2_0_, question0_.text as text2_2_0_, question0_.title as title3_2_0_ from questions question0_ where question0_.id=?
?[1;31m
Start test 35?[0m
Hibernate: select question0_.id as id1_2_, question0_.text as text2_2_, question0_.title as title3_2_ from questions question0_
3
2
Hibernate: select options0_.question_id as question1_1_0_, options0_.options as options2_1_0_ from question_options options0_ where options0_.question_id=?
Hibernate: select answer0_.question_id as question1_0_0_, answer0_.answer as answer2_0_0_ from question_answer answer0_ where answer0_.question_id=?
[]
[0,1]
?[1;31m
Start test 36?[0m
Hibernate: select question0_.id as id1_2_, question0_.text as text2_2_, question0_.title as title3_2_ from questions question0_
3
2
Hibernate: select options0_.question_id as question1_1_0_, options0_.options as options2_1_0_ from question_options options0_ where options0_.question_id=?
Hibernate: select answer0_.question_id as question1_0_0_, answer0_.answer as answer2_0_0_ from question_answer answer0_ where answer0_.question_id=?
[0]
[0,1]
?[1;31m
Start test 37?[0m
Hibernate: select question0_.id as id1_2_, question0_.text as text2_2_, question0_.title as title3_2_ from questions question0_
3
2
Hibernate: select options0_.question_id as question1_1_0_, options0_.options as options2_1_0_ from question_options options0_ where options0_.question_id=?
Hibernate: select answer0_.question_id as question1_0_0_, answer0_.answer as answer2_0_0_ from question_answer answer0_ where answer0_.question_id=?
[1]
[0,1]
?[1;31m
Start test 38?[0m
Hibernate: select question0_.id as id1_2_, question0_.text as text2_2_, question0_.title as title3_2_ from questions question0_
3
2
Hibernate: select options0_.question_id as question1_1_0_, options0_.options as options2_1_0_ from question_options options0_ where options0_.question_id=?
Hibernate: select answer0_.question_id as question1_0_0_, answer0_.answer as answer2_0_0_ from question_answer answer0_ where answer0_.question_id=?
[2]
[0,1]
?[1;31m
Start test 39?[0m
Hibernate: select question0_.id as id1_2_, question0_.text as text2_2_, question0_.title as title3_2_ from questions question0_
3
2
Hibernate: select options0_.question_id as question1_1_0_, options0_.options as options2_1_0_ from question_options options0_ where options0_.question_id=?
Hibernate: select answer0_.question_id as question1_0_0_, answer0_.answer as answer2_0_0_ from question_answer answer0_ where answer0_.question_id=?
[3]
[0,1]
?[1;31m
Start test 40?[0m
Hibernate: select question0_.id as id1_2_, question0_.text as text2_2_, question0_.title as title3_2_ from questions question0_
3
2
Hibernate: select options0_.question_id as question1_1_0_, options0_.options as options2_1_0_ from question_options options0_ where options0_.question_id=?
Hibernate: select answer0_.question_id as question1_0_0_, answer0_.answer as answer2_0_0_ from question_answer answer0_ where answer0_.question_id=?
[0,1]
[0,1]
?[1;31m
Start test 41?[0m
Hibernate: select question0_.id as id1_2_, question0_.text as text2_2_, question0_.title as title3_2_ from questions question0_
3
2
Hibernate: select options0_.question_id as question1_1_0_, options0_.options as options2_1_0_ from question_options options0_ where options0_.question_id=?
Hibernate: select answer0_.question_id as question1_0_0_, answer0_.answer as answer2_0_0_ from question_answer answer0_ where answer0_.question_id=?
[0,2]
[0,1]
?[1;31m
Start test 42?[0m
Hibernate: select question0_.id as id1_2_, question0_.text as text2_2_, question0_.title as title3_2_ from questions question0_
3
2
Hibernate: select options0_.question_id as question1_1_0_, options0_.options as options2_1_0_ from question_options options0_ where options0_.question_id=?
Hibernate: select answer0_.question_id as question1_0_0_, answer0_.answer as answer2_0_0_ from question_answer answer0_ where answer0_.question_id=?
[0,3]
[0,1]
?[1;31m
Start test 43?[0m
Hibernate: select question0_.id as id1_2_, question0_.text as text2_2_, question0_.title as title3_2_ from questions question0_
3
2
Hibernate: select options0_.question_id as question1_1_0_, options0_.options as options2_1_0_ from question_options options0_ where options0_.question_id=?
Hibernate: select answer0_.question_id as question1_0_0_, answer0_.answer as answer2_0_0_ from question_answer answer0_ where answer0_.question_id=?
[1,2]
[0,1]
?[1;31m
Start test 44?[0m
Hibernate: select question0_.id as id1_2_, question0_.text as text2_2_, question0_.title as title3_2_ from questions question0_
3
2
Hibernate: select options0_.question_id as question1_1_0_, options0_.options as options2_1_0_ from question_options options0_ where options0_.question_id=?
Hibernate: select answer0_.question_id as question1_0_0_, answer0_.answer as answer2_0_0_ from question_answer answer0_ where answer0_.question_id=?
[1,3]
[0,1]
?[1;31m
Start test 45?[0m
Hibernate: select question0_.id as id1_2_, question0_.text as text2_2_, question0_.title as title3_2_ from questions question0_
3
2
Hibernate: select options0_.question_id as question1_1_0_, options0_.options as options2_1_0_ from question_options options0_ where options0_.question_id=?
Hibernate: select answer0_.question_id as question1_0_0_, answer0_.answer as answer2_0_0_ from question_answer answer0_ where answer0_.question_id=?
[2,3]
[0,1]
?[1;31m
Start test 46?[0m
Hibernate: select question0_.id as id1_2_, question0_.text as text2_2_, question0_.title as title3_2_ from questions question0_
3
2
Hibernate: select options0_.question_id as question1_1_0_, options0_.options as options2_1_0_ from question_options options0_ where options0_.question_id=?
Hibernate: select answer0_.question_id as question1_0_0_, answer0_.answer as answer2_0_0_ from question_answer answer0_ where answer0_.question_id=?
[0,1,2]
[0,1]
?[1;31m
Start test 47?[0m
Hibernate: select question0_.id as id1_2_, question0_.text as text2_2_, question0_.title as title3_2_ from questions question0_
3
2
Hibernate: select options0_.question_id as question1_1_0_, options0_.options as options2_1_0_ from question_options options0_ where options0_.question_id=?
Hibernate: select answer0_.question_id as question1_0_0_, answer0_.answer as answer2_0_0_ from question_answer answer0_ where answer0_.question_id=?
[0,1,3]
[0,1]
?[1;31m
Start test 48?[0m
Hibernate: select question0_.id as id1_2_, question0_.text as text2_2_, question0_.title as title3_2_ from questions question0_
3
2
Hibernate: select options0_.question_id as question1_1_0_, options0_.options as options2_1_0_ from question_options options0_ where options0_.question_id=?
Hibernate: select answer0_.question_id as question1_0_0_, answer0_.answer as answer2_0_0_ from question_answer answer0_ where answer0_.question_id=?
[1,2,3]
[0,1]
?[1;31m
Start test 49?[0m
Hibernate: select question0_.id as id1_2_, question0_.text as text2_2_, question0_.title as title3_2_ from questions question0_
3
2
Hibernate: select options0_.question_id as question1_1_0_, options0_.options as options2_1_0_ from question_options options0_ where options0_.question_id=?
Hibernate: select answer0_.question_id as question1_0_0_, answer0_.answer as answer2_0_0_ from question_answer answer0_ where answer0_.question_id=?
[0,1,2,3]
[0,1]
?[1;31m
Start test 50?[0m
Hibernate: call next value for seq
Hibernate: insert into questions (text, title, id) values (?, ?, ?)
Hibernate: insert into question_answer (question_id, answer) values (?, ?)
Hibernate: insert into question_answer (question_id, answer) values (?, ?)
Hibernate: insert into question_options (question_id, options) values (?, ?)
Hibernate: insert into question_options (question_id, options) values (?, ?)
Hibernate: insert into question_options (question_id, options) values (?, ?)
Hibernate: insert into question_options (question_id, options) values (?, ?)
?[1;31m
Start test 51?[0m
Hibernate: select question0_.id as id1_2_0_, question0_.text as text2_2_0_, question0_.title as title3_2_0_ from questions question0_ where question0_.id=?
Hibernate: select options0_.question_id as question1_1_0_, options0_.options as options2_1_0_ from question_options options0_ where options0_.question_id=?
?[1;31m
Start test 52?[0m
Hibernate: select question0_.id as id1_2_0_, question0_.text as text2_2_0_, question0_.title as title3_2_0_ from questions question0_ where question0_.id=?
?[1;31m
Start test 53?[0m
Hibernate: select question0_.id as id1_2_, question0_.text as text2_2_, question0_.title as title3_2_ from questions question0_
4
3
Hibernate: select options0_.question_id as question1_1_0_, options0_.options as options2_1_0_ from question_options options0_ where options0_.question_id=?
Hibernate: select answer0_.question_id as question1_0_0_, answer0_.answer as answer2_0_0_ from question_answer answer0_ where answer0_.question_id=?
[]
[1,3]
?[1;31m
Start test 54?[0m
Hibernate: select question0_.id as id1_2_, question0_.text as text2_2_, question0_.title as title3_2_ from questions question0_
4
3
Hibernate: select options0_.question_id as question1_1_0_, options0_.options as options2_1_0_ from question_options options0_ where options0_.question_id=?
Hibernate: select answer0_.question_id as question1_0_0_, answer0_.answer as answer2_0_0_ from question_answer answer0_ where answer0_.question_id=?
[0]
[1,3]
?[1;31m
Start test 55?[0m
Hibernate: select question0_.id as id1_2_, question0_.text as text2_2_, question0_.title as title3_2_ from questions question0_
4
3
Hibernate: select options0_.question_id as question1_1_0_, options0_.options as options2_1_0_ from question_options options0_ where options0_.question_id=?
Hibernate: select answer0_.question_id as question1_0_0_, answer0_.answer as answer2_0_0_ from question_answer answer0_ where answer0_.question_id=?
[1]
[1,3]
?[1;31m
Start test 56?[0m
Hibernate: select question0_.id as id1_2_, question0_.text as text2_2_, question0_.title as title3_2_ from questions question0_
4
3
Hibernate: select options0_.question_id as question1_1_0_, options0_.options as options2_1_0_ from question_options options0_ where options0_.question_id=?
Hibernate: select answer0_.question_id as question1_0_0_, answer0_.answer as answer2_0_0_ from question_answer answer0_ where answer0_.question_id=?
[2]
[1,3]
?[1;31m
Start test 57?[0m
Hibernate: select question0_.id as id1_2_, question0_.text as text2_2_, question0_.title as title3_2_ from questions question0_
4
3
Hibernate: select options0_.question_id as question1_1_0_, options0_.options as options2_1_0_ from question_options options0_ where options0_.question_id=?
Hibernate: select answer0_.question_id as question1_0_0_, answer0_.answer as answer2_0_0_ from question_answer answer0_ where answer0_.question_id=?
[3]
[1,3]
?[1;31m
Start test 58?[0m
Hibernate: select question0_.id as id1_2_, question0_.text as text2_2_, question0_.title as title3_2_ from questions question0_
4
3
Hibernate: select options0_.question_id as question1_1_0_, options0_.options as options2_1_0_ from question_options options0_ where options0_.question_id=?
Hibernate: select answer0_.question_id as question1_0_0_, answer0_.answer as answer2_0_0_ from question_answer answer0_ where answer0_.question_id=?
[0,1]
[1,3]
?[1;31m
Start test 59?[0m
Hibernate: select question0_.id as id1_2_, question0_.text as text2_2_, question0_.title as title3_2_ from questions question0_
4
3
Hibernate: select options0_.question_id as question1_1_0_, options0_.options as options2_1_0_ from question_options options0_ where options0_.question_id=?
Hibernate: select answer0_.question_id as question1_0_0_, answer0_.answer as answer2_0_0_ from question_answer answer0_ where answer0_.question_id=?
[0,2]
[1,3]
?[1;31m
Start test 60?[0m
Hibernate: select question0_.id as id1_2_, question0_.text as text2_2_, question0_.title as title3_2_ from questions question0_
4
3
Hibernate: select options0_.question_id as question1_1_0_, options0_.options as options2_1_0_ from question_options options0_ where options0_.question_id=?
Hibernate: select answer0_.question_id as question1_0_0_, answer0_.answer as answer2_0_0_ from question_answer answer0_ where answer0_.question_id=?
[0,3]
[1,3]
?[1;31m
Start test 61?[0m
Hibernate: select question0_.id as id1_2_, question0_.text as text2_2_, question0_.title as title3_2_ from questions question0_
4
3
Hibernate: select options0_.question_id as question1_1_0_, options0_.options as options2_1_0_ from question_options options0_ where options0_.question_id=?
Hibernate: select answer0_.question_id as question1_0_0_, answer0_.answer as answer2_0_0_ from question_answer answer0_ where answer0_.question_id=?
[1,2]
[1,3]
?[1;31m
Start test 62?[0m
Hibernate: select question0_.id as id1_2_, question0_.text as text2_2_, question0_.title as title3_2_ from questions question0_
4
3
Hibernate: select options0_.question_id as question1_1_0_, options0_.options as options2_1_0_ from question_options options0_ where options0_.question_id=?
Hibernate: select answer0_.question_id as question1_0_0_, answer0_.answer as answer2_0_0_ from question_answer answer0_ where answer0_.question_id=?
[1,3]
[1,3]
?[1;31m
Start test 63?[0m
Hibernate: select question0_.id as id1_2_, question0_.text as text2_2_, question0_.title as title3_2_ from questions question0_
4
3
Hibernate: select options0_.question_id as question1_1_0_, options0_.options as options2_1_0_ from question_options options0_ where options0_.question_id=?
Hibernate: select answer0_.question_id as question1_0_0_, answer0_.answer as answer2_0_0_ from question_answer answer0_ where answer0_.question_id=?
[2,3]
[1,3]
?[1;31m
Start test 64?[0m
Hibernate: select question0_.id as id1_2_, question0_.text as text2_2_, question0_.title as title3_2_ from questions question0_
4
3
Hibernate: select options0_.question_id as question1_1_0_, options0_.options as options2_1_0_ from question_options options0_ where options0_.question_id=?
Hibernate: select answer0_.question_id as question1_0_0_, answer0_.answer as answer2_0_0_ from question_answer answer0_ where answer0_.question_id=?
[0,1,2]
[1,3]
?[1;31m
Start test 65?[0m
Hibernate: select question0_.id as id1_2_, question0_.text as text2_2_, question0_.title as title3_2_ from questions question0_
4
3
Hibernate: select options0_.question_id as question1_1_0_, options0_.options as options2_1_0_ from question_options options0_ where options0_.question_id=?
Hibernate: select answer0_.question_id as question1_0_0_, answer0_.answer as answer2_0_0_ from question_answer answer0_ where answer0_.question_id=?
[0,1,3]
[1,3]
?[1;31m
Start test 66?[0m
Hibernate: select question0_.id as id1_2_, question0_.text as text2_2_, question0_.title as title3_2_ from questions question0_
4
3
Hibernate: select options0_.question_id as question1_1_0_, options0_.options as options2_1_0_ from question_options options0_ where options0_.question_id=?
Hibernate: select answer0_.question_id as question1_0_0_, answer0_.answer as answer2_0_0_ from question_answer answer0_ where answer0_.question_id=?
[1,2,3]
[1,3]
?[1;31m
Start test 67?[0m
Hibernate: select question0_.id as id1_2_, question0_.text as text2_2_, question0_.title as title3_2_ from questions question0_
4
3
Hibernate: select options0_.question_id as question1_1_0_, options0_.options as options2_1_0_ from question_options options0_ where options0_.question_id=?
Hibernate: select answer0_.question_id as question1_0_0_, answer0_.answer as answer2_0_0_ from question_answer answer0_ where answer0_.question_id=?
[0,1,2,3]
[1,3]
?[1;31m
Start test 68?[0m
Hibernate: call next value for seq
Hibernate: insert into questions (text, title, id) values (?, ?, ?)
Hibernate: insert into question_options (question_id, options) values (?, ?)
Hibernate: insert into question_options (question_id, options) values (?, ?)
Hibernate: insert into question_options (question_id, options) values (?, ?)
Hibernate: insert into question_options (question_id, options) values (?, ?)
?[1;31m
Start test 69?[0m
Hibernate: select question0_.id as id1_2_0_, question0_.text as text2_2_0_, question0_.title as title3_2_0_ from questions question0_ where question0_.id=?
Hibernate: select options0_.question_id as question1_1_0_, options0_.options as options2_1_0_ from question_options options0_ where options0_.question_id=?
?[1;31m
Start test 70?[0m
Hibernate: select question0_.id as id1_2_0_, question0_.text as text2_2_0_, question0_.title as title3_2_0_ from questions question0_ where question0_.id=?
?[1;31m
Start test 71?[0m
Hibernate: select question0_.id as id1_2_, question0_.text as text2_2_, question0_.title as title3_2_ from questions question0_
5
4
Hibernate: select options0_.question_id as question1_1_0_, options0_.options as options2_1_0_ from question_options options0_ where options0_.question_id=?
Hibernate: select answer0_.question_id as question1_0_0_, answer0_.answer as answer2_0_0_ from question_answer answer0_ where answer0_.question_id=?
[]
[]
?[1;31m
Start test 72?[0m
Hibernate: select question0_.id as id1_2_, question0_.text as text2_2_, question0_.title as title3_2_ from questions question0_
5
4
Hibernate: select options0_.question_id as question1_1_0_, options0_.options as options2_1_0_ from question_options options0_ where options0_.question_id=?
Hibernate: select answer0_.question_id as question1_0_0_, answer0_.answer as answer2_0_0_ from question_answer answer0_ where answer0_.question_id=?
[0]
[]
?[1;31m
Start test 73?[0m
Hibernate: select question0_.id as id1_2_, question0_.text as text2_2_, question0_.title as title3_2_ from questions question0_
5
4
Hibernate: select options0_.question_id as question1_1_0_, options0_.options as options2_1_0_ from question_options options0_ where options0_.question_id=?
Hibernate: select answer0_.question_id as question1_0_0_, answer0_.answer as answer2_0_0_ from question_answer answer0_ where answer0_.question_id=?
[1]
[]
?[1;31m
Start test 74?[0m
Hibernate: select question0_.id as id1_2_, question0_.text as text2_2_, question0_.title as title3_2_ from questions question0_
5
4
Hibernate: select options0_.question_id as question1_1_0_, options0_.options as options2_1_0_ from question_options options0_ where options0_.question_id=?
Hibernate: select answer0_.question_id as question1_0_0_, answer0_.answer as answer2_0_0_ from question_answer answer0_ where answer0_.question_id=?
[2]
[]
?[1;31m
Start test 75?[0m
Hibernate: select question0_.id as id1_2_, question0_.text as text2_2_, question0_.title as title3_2_ from questions question0_
5
4
Hibernate: select options0_.question_id as question1_1_0_, options0_.options as options2_1_0_ from question_options options0_ where options0_.question_id=?
Hibernate: select answer0_.question_id as question1_0_0_, answer0_.answer as answer2_0_0_ from question_answer answer0_ where answer0_.question_id=?
[3]
[]
?[1;31m
Start test 76?[0m
Hibernate: select question0_.id as id1_2_, question0_.text as text2_2_, question0_.title as title3_2_ from questions question0_
5
4
Hibernate: select options0_.question_id as question1_1_0_, options0_.options as options2_1_0_ from question_options options0_ where options0_.question_id=?
Hibernate: select answer0_.question_id as question1_0_0_, answer0_.answer as answer2_0_0_ from question_answer answer0_ where answer0_.question_id=?
[0,1]
[]
?[1;31m
Start test 77?[0m
Hibernate: select question0_.id as id1_2_, question0_.text as text2_2_, question0_.title as title3_2_ from questions question0_
5
4
Hibernate: select options0_.question_id as question1_1_0_, options0_.options as options2_1_0_ from question_options options0_ where options0_.question_id=?
Hibernate: select answer0_.question_id as question1_0_0_, answer0_.answer as answer2_0_0_ from question_answer answer0_ where answer0_.question_id=?
[0,2]
[]
?[1;31m
Start test 78?[0m
Hibernate: select question0_.id as id1_2_, question0_.text as text2_2_, question0_.title as title3_2_ from questions question0_
5
4
Hibernate: select options0_.question_id as question1_1_0_, options0_.options as options2_1_0_ from question_options options0_ where options0_.question_id=?
Hibernate: select answer0_.question_id as question1_0_0_, answer0_.answer as answer2_0_0_ from question_answer answer0_ where answer0_.question_id=?
[0,3]
[]
?[1;31m
Start test 79?[0m
Hibernate: select question0_.id as id1_2_, question0_.text as text2_2_, question0_.title as title3_2_ from questions question0_
5
4
Hibernate: select options0_.question_id as question1_1_0_, options0_.options as options2_1_0_ from question_options options0_ where options0_.question_id=?
Hibernate: select answer0_.question_id as question1_0_0_, answer0_.answer as answer2_0_0_ from question_answer answer0_ where answer0_.question_id=?
[1,2]
[]
?[1;31m
Start test 80?[0m
Hibernate: select question0_.id as id1_2_, question0_.text as text2_2_, question0_.title as title3_2_ from questions question0_
5
4
Hibernate: select options0_.question_id as question1_1_0_, options0_.options as options2_1_0_ from question_options options0_ where options0_.question_id=?
Hibernate: select answer0_.question_id as question1_0_0_, answer0_.answer as answer2_0_0_ from question_answer answer0_ where answer0_.question_id=?
[1,3]
[]
?[1;31m
Start test 81?[0m
Hibernate: select question0_.id as id1_2_, question0_.text as text2_2_, question0_.title as title3_2_ from questions question0_
5
4
Hibernate: select options0_.question_id as question1_1_0_, options0_.options as options2_1_0_ from question_options options0_ where options0_.question_id=?
Hibernate: select answer0_.question_id as question1_0_0_, answer0_.answer as answer2_0_0_ from question_answer answer0_ where answer0_.question_id=?
[2,3]
[]
?[1;31m
Start test 82?[0m
Hibernate: select question0_.id as id1_2_, question0_.text as text2_2_, question0_.title as title3_2_ from questions question0_
5
4
Hibernate: select options0_.question_id as question1_1_0_, options0_.options as options2_1_0_ from question_options options0_ where options0_.question_id=?
Hibernate: select answer0_.question_id as question1_0_0_, answer0_.answer as answer2_0_0_ from question_answer answer0_ where answer0_.question_id=?
[0,1,2]
[]
?[1;31m
Start test 83?[0m
Hibernate: select question0_.id as id1_2_, question0_.text as text2_2_, question0_.title as title3_2_ from questions question0_
5
4
Hibernate: select options0_.question_id as question1_1_0_, options0_.options as options2_1_0_ from question_options options0_ where options0_.question_id=?
Hibernate: select answer0_.question_id as question1_0_0_, answer0_.answer as answer2_0_0_ from question_answer answer0_ where answer0_.question_id=?
[0,1,3]
[]
?[1;31m
Start test 84?[0m
Hibernate: select question0_.id as id1_2_, question0_.text as text2_2_, question0_.title as title3_2_ from questions question0_
5
4
Hibernate: select options0_.question_id as question1_1_0_, options0_.options as options2_1_0_ from question_options options0_ where options0_.question_id=?
Hibernate: select answer0_.question_id as question1_0_0_, answer0_.answer as answer2_0_0_ from question_answer answer0_ where answer0_.question_id=?
[1,2,3]
[]
?[1;31m
Start test 85?[0m
Hibernate: select question0_.id as id1_2_, question0_.text as text2_2_, question0_.title as title3_2_ from questions question0_
5
4
Hibernate: select options0_.question_id as question1_1_0_, options0_.options as options2_1_0_ from question_options options0_ where options0_.question_id=?
Hibernate: select answer0_.question_id as question1_0_0_, answer0_.answer as answer2_0_0_ from question_answer answer0_ where answer0_.question_id=?
[0,1,2,3]
[]
?[1;31m
Start test 86?[0m
Hibernate: call next value for seq
Hibernate: insert into questions (text, title, id) values (?, ?, ?)
Hibernate: insert into question_options (question_id, options) values (?, ?)
Hibernate: insert into question_options (question_id, options) values (?, ?)
Hibernate: insert into question_options (question_id, options) values (?, ?)
Hibernate: insert into question_options (question_id, options) values (?, ?)
?[1;31m
Start test 87?[0m
Hibernate: select question0_.id as id1_2_0_, question0_.text as text2_2_0_, question0_.title as title3_2_0_ from questions question0_ where question0_.id=?
Hibernate: select options0_.question_id as question1_1_0_, options0_.options as options2_1_0_ from question_options options0_ where options0_.question_id=?
?[1;31m
Start test 88?[0m
Hibernate: select question0_.id as id1_2_0_, question0_.text as text2_2_0_, question0_.title as title3_2_0_ from questions question0_ where question0_.id=?
?[1;31m
Start test 89?[0m
Hibernate: select question0_.id as id1_2_, question0_.text as text2_2_, question0_.title as title3_2_ from questions question0_
6
5
Hibernate: select options0_.question_id as question1_1_0_, options0_.options as options2_1_0_ from question_options options0_ where options0_.question_id=?
Hibernate: select answer0_.question_id as question1_0_0_, answer0_.answer as answer2_0_0_ from question_answer answer0_ where answer0_.question_id=?
[]
[]
?[1;31m
Start test 90?[0m
Hibernate: select question0_.id as id1_2_, question0_.text as text2_2_, question0_.title as title3_2_ from questions question0_
6
5
Hibernate: select options0_.question_id as question1_1_0_, options0_.options as options2_1_0_ from question_options options0_ where options0_.question_id=?
Hibernate: select answer0_.question_id as question1_0_0_, answer0_.answer as answer2_0_0_ from question_answer answer0_ where answer0_.question_id=?
[0]
[]
?[1;31m
Start test 91?[0m
Hibernate: select question0_.id as id1_2_, question0_.text as text2_2_, question0_.title as title3_2_ from questions question0_
6
5
Hibernate: select options0_.question_id as question1_1_0_, options0_.options as options2_1_0_ from question_options options0_ where options0_.question_id=?
Hibernate: select answer0_.question_id as question1_0_0_, answer0_.answer as answer2_0_0_ from question_answer answer0_ where answer0_.question_id=?
[1]
[]
?[1;31m
Start test 92?[0m
Hibernate: select question0_.id as id1_2_, question0_.text as text2_2_, question0_.title as title3_2_ from questions question0_
6
5
Hibernate: select options0_.question_id as question1_1_0_, options0_.options as options2_1_0_ from question_options options0_ where options0_.question_id=?
Hibernate: select answer0_.question_id as question1_0_0_, answer0_.answer as answer2_0_0_ from question_answer answer0_ where answer0_.question_id=?
[2]
[]
?[1;31m
Start test 93?[0m
Hibernate: select question0_.id as id1_2_, question0_.text as text2_2_, question0_.title as title3_2_ from questions question0_
6
5
Hibernate: select options0_.question_id as question1_1_0_, options0_.options as options2_1_0_ from question_options options0_ where options0_.question_id=?
Hibernate: select answer0_.question_id as question1_0_0_, answer0_.answer as answer2_0_0_ from question_answer answer0_ where answer0_.question_id=?
[3]
[]
?[1;31m
Start test 94?[0m
Hibernate: select question0_.id as id1_2_, question0_.text as text2_2_, question0_.title as title3_2_ from questions question0_
6
5
Hibernate: select options0_.question_id as question1_1_0_, options0_.options as options2_1_0_ from question_options options0_ where options0_.question_id=?
Hibernate: select answer0_.question_id as question1_0_0_, answer0_.answer as answer2_0_0_ from question_answer answer0_ where answer0_.question_id=?
[0,1]
[]
?[1;31m
Start test 95?[0m
Hibernate: select question0_.id as id1_2_, question0_.text as text2_2_, question0_.title as title3_2_ from questions question0_
6
5
Hibernate: select options0_.question_id as question1_1_0_, options0_.options as options2_1_0_ from question_options options0_ where options0_.question_id=?
Hibernate: select answer0_.question_id as question1_0_0_, answer0_.answer as answer2_0_0_ from question_answer answer0_ where answer0_.question_id=?
[0,2]
[]
?[1;31m
Start test 96?[0m
Hibernate: select question0_.id as id1_2_, question0_.text as text2_2_, question0_.title as title3_2_ from questions question0_
6
5
Hibernate: select options0_.question_id as question1_1_0_, options0_.options as options2_1_0_ from question_options options0_ where options0_.question_id=?
Hibernate: select answer0_.question_id as question1_0_0_, answer0_.answer as answer2_0_0_ from question_answer answer0_ where answer0_.question_id=?
[0,3]
[]
?[1;31m
Start test 97?[0m
Hibernate: select question0_.id as id1_2_, question0_.text as text2_2_, question0_.title as title3_2_ from questions question0_
6
5
Hibernate: select options0_.question_id as question1_1_0_, options0_.options as options2_1_0_ from question_options options0_ where options0_.question_id=?
Hibernate: select answer0_.question_id as question1_0_0_, answer0_.answer as answer2_0_0_ from question_answer answer0_ where answer0_.question_id=?
[1,2]
[]
?[1;31m
Start test 98?[0m
Hibernate: select question0_.id as id1_2_, question0_.text as text2_2_, question0_.title as title3_2_ from questions question0_
6
5
Hibernate: select options0_.question_id as question1_1_0_, options0_.options as options2_1_0_ from question_options options0_ where options0_.question_id=?
Hibernate: select answer0_.question_id as question1_0_0_, answer0_.answer as answer2_0_0_ from question_answer answer0_ where answer0_.question_id=?
[1,3]
[]
?[1;31m
Start test 99?[0m
Hibernate: select question0_.id as id1_2_, question0_.text as text2_2_, question0_.title as title3_2_ from questions question0_
6
5
Hibernate: select options0_.question_id as question1_1_0_, options0_.options as options2_1_0_ from question_options options0_ where options0_.question_id=?
Hibernate: select answer0_.question_id as question1_0_0_, answer0_.answer as answer2_0_0_ from question_answer answer0_ where answer0_.question_id=?
[2,3]
[]
?[1;31m
Start test 100?[0m
Hibernate: select question0_.id as id1_2_, question0_.text as text2_2_, question0_.title as title3_2_ from questions question0_
6
5
Hibernate: select options0_.question_id as question1_1_0_, options0_.options as options2_1_0_ from question_options options0_ where options0_.question_id=?
Hibernate: select answer0_.question_id as question1_0_0_, answer0_.answer as answer2_0_0_ from question_answer answer0_ where answer0_.question_id=?
[0,1,2]
[]
?[1;31m
Start test 101?[0m
Hibernate: select question0_.id as id1_2_, question0_.text as text2_2_, question0_.title as title3_2_ from questions question0_
6
5
Hibernate: select options0_.question_id as question1_1_0_, options0_.options as options2_1_0_ from question_options options0_ where options0_.question_id=?
Hibernate: select answer0_.question_id as question1_0_0_, answer0_.answer as answer2_0_0_ from question_answer answer0_ where answer0_.question_id=?
[0,1,3]
[]
?[1;31m
Start test 102?[0m
Hibernate: select question0_.id as id1_2_, question0_.text as text2_2_, question0_.title as title3_2_ from questions question0_
6
5
Hibernate: select options0_.question_id as question1_1_0_, options0_.options as options2_1_0_ from question_options options0_ where options0_.question_id=?
Hibernate: select answer0_.question_id as question1_0_0_, answer0_.answer as answer2_0_0_ from question_answer answer0_ where answer0_.question_id=?
[1,2,3]
[]
?[1;31m
Start test 103?[0m
Hibernate: select question0_.id as id1_2_, question0_.text as text2_2_, question0_.title as title3_2_ from questions question0_
6
5
Hibernate: select options0_.question_id as question1_1_0_, options0_.options as options2_1_0_ from question_options options0_ where options0_.question_id=?
Hibernate: select answer0_.question_id as question1_0_0_, answer0_.answer as answer2_0_0_ from question_answer answer0_ where answer0_.question_id=?
[0,1,2,3]
[]
?[1;31m
Start test 104?[0m
Hibernate: call next value for seq
Hibernate: insert into questions (text, title, id) values (?, ?, ?)
Hibernate: insert into question_answer (question_id, answer) values (?, ?)
Hibernate: insert into question_answer (question_id, answer) values (?, ?)
Hibernate: insert into question_answer (question_id, answer) values (?, ?)
Hibernate: insert into question_options (question_id, options) values (?, ?)
Hibernate: insert into question_options (question_id, options) values (?, ?)
Hibernate: insert into question_options (question_id, options) values (?, ?)
Hibernate: insert into question_options (question_id, options) values (?, ?)
?[1;31m
Start test 105?[0m
Hibernate: select question0_.id as id1_2_0_, question0_.text as text2_2_0_, question0_.title as title3_2_0_ from questions question0_ where question0_.id=?
Hibernate: select options0_.question_id as question1_1_0_, options0_.options as options2_1_0_ from question_options options0_ where options0_.question_id=?
?[1;31m
Start test 106?[0m
Hibernate: select question0_.id as id1_2_0_, question0_.text as text2_2_0_, question0_.title as title3_2_0_ from questions question0_ where question0_.id=?
?[1;31m
Start test 107?[0m
Hibernate: select question0_.id as id1_2_, question0_.text as text2_2_, question0_.title as title3_2_ from questions question0_
7
6
Hibernate: select options0_.question_id as question1_1_0_, options0_.options as options2_1_0_ from question_options options0_ where options0_.question_id=?
Hibernate: select answer0_.question_id as question1_0_0_, answer0_.answer as answer2_0_0_ from question_answer answer0_ where answer0_.question_id=?
[]
[0,1,3]
?[1;31m
Start test 108?[0m
Hibernate: select question0_.id as id1_2_, question0_.text as text2_2_, question0_.title as title3_2_ from questions question0_
7
6
Hibernate: select options0_.question_id as question1_1_0_, options0_.options as options2_1_0_ from question_options options0_ where options0_.question_id=?
Hibernate: select answer0_.question_id as question1_0_0_, answer0_.answer as answer2_0_0_ from question_answer answer0_ where answer0_.question_id=?
[0]
[0,1,3]
?[1;31m
Start test 109?[0m
Hibernate: select question0_.id as id1_2_, question0_.text as text2_2_, question0_.title as title3_2_ from questions question0_
7
6
Hibernate: select options0_.question_id as question1_1_0_, options0_.options as options2_1_0_ from question_options options0_ where options0_.question_id=?
Hibernate: select answer0_.question_id as question1_0_0_, answer0_.answer as answer2_0_0_ from question_answer answer0_ where answer0_.question_id=?
[1]
[0,1,3]
?[1;31m
Start test 110?[0m
Hibernate: select question0_.id as id1_2_, question0_.text as text2_2_, question0_.title as title3_2_ from questions question0_
7
6
Hibernate: select options0_.question_id as question1_1_0_, options0_.options as options2_1_0_ from question_options options0_ where options0_.question_id=?
Hibernate: select answer0_.question_id as question1_0_0_, answer0_.answer as answer2_0_0_ from question_answer answer0_ where answer0_.question_id=?
[2]
[0,1,3]
?[1;31m
Start test 111?[0m
Hibernate: select question0_.id as id1_2_, question0_.text as text2_2_, question0_.title as title3_2_ from questions question0_
7
6
Hibernate: select options0_.question_id as question1_1_0_, options0_.options as options2_1_0_ from question_options options0_ where options0_.question_id=?
Hibernate: select answer0_.question_id as question1_0_0_, answer0_.answer as answer2_0_0_ from question_answer answer0_ where answer0_.question_id=?
[3]
[0,1,3]
?[1;31m
Start test 112?[0m
Hibernate: select question0_.id as id1_2_, question0_.text as text2_2_, question0_.title as title3_2_ from questions question0_
7
6
Hibernate: select options0_.question_id as question1_1_0_, options0_.options as options2_1_0_ from question_options options0_ where options0_.question_id=?
Hibernate: select answer0_.question_id as question1_0_0_, answer0_.answer as answer2_0_0_ from question_answer answer0_ where answer0_.question_id=?
[0,1]
[0,1,3]
?[1;31m
Start test 113?[0m
Hibernate: select question0_.id as id1_2_, question0_.text as text2_2_, question0_.title as title3_2_ from questions question0_
7
6
Hibernate: select options0_.question_id as question1_1_0_, options0_.options as options2_1_0_ from question_options options0_ where options0_.question_id=?
Hibernate: select answer0_.question_id as question1_0_0_, answer0_.answer as answer2_0_0_ from question_answer answer0_ where answer0_.question_id=?
[0,2]
[0,1,3]
?[1;31m
Start test 114?[0m
Hibernate: select question0_.id as id1_2_, question0_.text as text2_2_, question0_.title as title3_2_ from questions question0_
7
6
Hibernate: select options0_.question_id as question1_1_0_, options0_.options as options2_1_0_ from question_options options0_ where options0_.question_id=?
Hibernate: select answer0_.question_id as question1_0_0_, answer0_.answer as answer2_0_0_ from question_answer answer0_ where answer0_.question_id=?
[0,3]
[0,1,3]
?[1;31m
Start test 115?[0m
Hibernate: select question0_.id as id1_2_, question0_.text as text2_2_, question0_.title as title3_2_ from questions question0_
7
6
Hibernate: select options0_.question_id as question1_1_0_, options0_.options as options2_1_0_ from question_options options0_ where options0_.question_id=?
Hibernate: select answer0_.question_id as question1_0_0_, answer0_.answer as answer2_0_0_ from question_answer answer0_ where answer0_.question_id=?
[1,2]
[0,1,3]
?[1;31m
Start test 116?[0m
Hibernate: select question0_.id as id1_2_, question0_.text as text2_2_, question0_.title as title3_2_ from questions question0_
7
6
Hibernate: select options0_.question_id as question1_1_0_, options0_.options as options2_1_0_ from question_options options0_ where options0_.question_id=?
Hibernate: select answer0_.question_id as question1_0_0_, answer0_.answer as answer2_0_0_ from question_answer answer0_ where answer0_.question_id=?
[1,3]
[0,1,3]
?[1;31m
Start test 117?[0m
Hibernate: select question0_.id as id1_2_, question0_.text as text2_2_, question0_.title as title3_2_ from questions question0_
7
6
Hibernate: select options0_.question_id as question1_1_0_, options0_.options as options2_1_0_ from question_options options0_ where options0_.question_id=?
Hibernate: select answer0_.question_id as question1_0_0_, answer0_.answer as answer2_0_0_ from question_answer answer0_ where answer0_.question_id=?
[2,3]
[0,1,3]
?[1;31m
Start test 118?[0m
Hibernate: select question0_.id as id1_2_, question0_.text as text2_2_, question0_.title as title3_2_ from questions question0_
7
6
Hibernate: select options0_.question_id as question1_1_0_, options0_.options as options2_1_0_ from question_options options0_ where options0_.question_id=?
Hibernate: select answer0_.question_id as question1_0_0_, answer0_.answer as answer2_0_0_ from question_answer answer0_ where answer0_.question_id=?
[0,1,2]
[0,1,3]
?[1;31m
Start test 119?[0m
Hibernate: select question0_.id as id1_2_, question0_.text as text2_2_, question0_.title as title3_2_ from questions question0_
7
6
Hibernate: select options0_.question_id as question1_1_0_, options0_.options as options2_1_0_ from question_options options0_ where options0_.question_id=?
Hibernate: select answer0_.question_id as question1_0_0_, answer0_.answer as answer2_0_0_ from question_answer answer0_ where answer0_.question_id=?
[0,1,3]
[0,1,3]
?[1;31m
Start test 120?[0m
Hibernate: select question0_.id as id1_2_, question0_.text as text2_2_, question0_.title as title3_2_ from questions question0_
7
6
Hibernate: select options0_.question_id as question1_1_0_, options0_.options as options2_1_0_ from question_options options0_ where options0_.question_id=?
Hibernate: select answer0_.question_id as question1_0_0_, answer0_.answer as answer2_0_0_ from question_answer answer0_ where answer0_.question_id=?
[1,2,3]
[0,1,3]
?[1;31m
Start test 121?[0m
Hibernate: select question0_.id as id1_2_, question0_.text as text2_2_, question0_.title as title3_2_ from questions question0_
7
6
Hibernate: select options0_.question_id as question1_1_0_, options0_.options as options2_1_0_ from question_options options0_ where options0_.question_id=?
Hibernate: select answer0_.question_id as question1_0_0_, answer0_.answer as answer2_0_0_ from question_answer answer0_ where answer0_.question_id=?
[0,1,2,3]
[0,1,3]
?[1;31m
Start test 122?[0m
Hibernate: select question0_.id as id1_2_, question0_.text as text2_2_, question0_.title as title3_2_ from questions question0_
Hibernate: select options0_.question_id as question1_1_0_, options0_.options as options2_1_0_ from question_options options0_ where options0_.question_id=?
Hibernate: select options0_.question_id as question1_1_0_, options0_.options as options2_1_0_ from question_options options0_ where options0_.question_id=?
Hibernate: select options0_.question_id as question1_1_0_, options0_.options as options2_1_0_ from question_options options0_ where options0_.question_id=?
Hibernate: select options0_.question_id as question1_1_0_, options0_.options as options2_1_0_ from question_options options0_ where options0_.question_id=?
Hibernate: select options0_.question_id as question1_1_0_, options0_.options as options2_1_0_ from question_options options0_ where options0_.question_id=?
Hibernate: select options0_.question_id as question1_1_0_, options0_.options as options2_1_0_ from question_options options0_ where options0_.question_id=?
Hibernate: select options0_.question_id as question1_1_0_, options0_.options as options2_1_0_ from question_options options0_ where options0_.question_id=?
?[1;31m
Start test 123?[0m
2020-08-06 10:39:04.542  INFO 15000 --- [       Thread-9] o.s.s.concurrent.ThreadPoolTaskExecutor  : Shutting down ExecutorService 'applicationTaskExecutor'
2020-08-06 10:39:04.543  INFO 15000 --- [       Thread-9] j.LocalContainerEntityManagerFactoryBean : Closing JPA EntityManagerFactory for persistence unit 'default'
2020-08-06 10:39:04.544  INFO 15000 --- [       Thread-9] com.zaxxer.hikari.HikariDataSource       : HikariPool-2 - Shutdown initiated...
2020-08-06 10:39:04.564  INFO 15000 --- [       Thread-9] com.zaxxer.hikari.HikariDataSource       : HikariPool-2 - Shutdown completed.

  .   ____          _            __ _ _
 /\\ / ___'_ __ _ _(_)_ __  __ _ \ \ \ \
( ( )\___ | '_ | '_| | '_ \/ _` | \ \ \ \
 \\/  ___)| |_)| | | | | || (_| |  ) ) ) )
  '  |____| .__|_| |_|_| |_\__, | / / / /
 =========|_|==============|___/=/_/_/_/
 :: Spring Boot ::        (v2.2.6.RELEASE)

2020-08-06 10:39:04.696  INFO 15000 --- [    Test worker] engine.WebQuizEngine                     : Starting WebQuizEngine on DESKTOP-2EG3TM8 with PID 15000 (started by Ja in C:\Users\Ja\IdeaProjects\Web Quiz Engine\Web Quiz Engine\task)
2020-08-06 10:39:04.696  INFO 15000 --- [    Test worker] engine.WebQuizEngine                     : No active profile set, falling back to default profiles: default
2020-08-06 10:39:04.758  INFO 15000 --- [       Thread-9] o.apache.catalina.core.StandardService   : Stopping service [Tomcat]
2020-08-06 10:39:04.765  INFO 15000 --- [       Thread-9] o.a.c.c.C.[Tomcat].[localhost].[/]       : Destroying Spring FrameworkServlet 'dispatcherServlet'
2020-08-06 10:39:05.191  INFO 15000 --- [    Test worker] .s.d.r.c.RepositoryConfigurationDelegate : Bootstrapping Spring Data JPA repositories in DEFAULT mode.
2020-08-06 10:39:05.206  INFO 15000 --- [    Test worker] .s.d.r.c.RepositoryConfigurationDelegate : Finished Spring Data repository scanning in 14ms. Found 1 JPA repository interfaces.
2020-08-06 10:39:05.462  INFO 15000 --- [    Test worker] o.s.b.w.embedded.tomcat.TomcatWebServer  : Tomcat initialized with port(s): 8889 (http)
2020-08-06 10:39:05.462  INFO 15000 --- [    Test worker] o.apache.catalina.core.StandardService   : Starting service [Tomcat]
2020-08-06 10:39:05.463  INFO 15000 --- [    Test worker] org.apache.catalina.core.StandardEngine  : Starting Servlet engine: [Apache Tomcat/9.0.33]
2020-08-06 10:39:05.505  INFO 15000 --- [    Test worker] o.a.c.c.C.[Tomcat].[localhost].[/]       : Initializing Spring embedded WebApplicationContext
2020-08-06 10:39:05.505  INFO 15000 --- [    Test worker] o.s.web.context.ContextLoader            : Root WebApplicationContext: initialization completed in 806 ms
2020-08-06 10:39:05.554  INFO 15000 --- [    Test worker] com.zaxxer.hikari.HikariDataSource       : HikariPool-3 - Starting...
2020-08-06 10:39:05.569  INFO 15000 --- [    Test worker] com.zaxxer.hikari.HikariDataSource       : HikariPool-3 - Start completed.
2020-08-06 10:39:05.569  INFO 15000 --- [    Test worker] o.s.b.a.h2.H2ConsoleAutoConfiguration    : H2 console available at '/h2-console'. Database available at 'jdbc:h2:file:../quizdb'
2020-08-06 10:39:05.705  INFO 15000 --- [    Test worker] o.hibernate.jpa.internal.util.LogHelper  : HHH000204: Processing PersistenceUnitInfo [name: default]
2020-08-06 10:39:05.729  INFO 15000 --- [    Test worker] org.hibernate.dialect.Dialect            : HHH000400: Using dialect: org.hibernate.dialect.H2Dialect
2020-08-06 10:39:05.839  INFO 15000 --- [    Test worker] o.h.e.t.j.p.i.JtaPlatformInitiator       : HHH000490: Using JtaPlatform implementation: [org.hibernate.engine.transaction.jta.platform.internal.NoJtaPlatform]
2020-08-06 10:39:05.839  INFO 15000 --- [    Test worker] j.LocalContainerEntityManagerFactoryBean : Initialized JPA EntityManagerFactory for persistence unit 'default'
2020-08-06 10:39:05.947  WARN 15000 --- [    Test worker] JpaBaseConfiguration$JpaWebConfiguration : spring.jpa.open-in-view is enabled by default. Therefore, database queries may be performed during view rendering. Explicitly configure spring.jpa.open-in-view to disable this warning
2020-08-06 10:39:06.024  INFO 15000 --- [    Test worker] o.s.s.concurrent.ThreadPoolTaskExecutor  : Initializing ExecutorService 'applicationTaskExecutor'
2020-08-06 10:39:06.198  INFO 15000 --- [    Test worker] o.s.b.a.e.web.EndpointLinksResolver      : Exposing 14 endpoint(s) beneath base path '/actuator'
2020-08-06 10:39:06.214  INFO 15000 --- [    Test worker] o.s.b.w.embedded.tomcat.TomcatWebServer  : Tomcat started on port(s): 8889 (http) with context path ''
2020-08-06 10:39:06.215  INFO 15000 --- [    Test worker] engine.WebQuizEngine                     : Started WebQuizEngine in 1.55 seconds (JVM running for 19.493)
?[1;31m
Start test 124?[0m
2020-08-06 10:39:06.232  INFO 15000 --- [nio-8889-exec-1] o.a.c.c.C.[Tomcat].[localhost].[/]       : Initializing Spring DispatcherServlet 'dispatcherServlet'
2020-08-06 10:39:06.233  INFO 15000 --- [nio-8889-exec-1] o.s.web.servlet.DispatcherServlet        : Initializing Servlet 'dispatcherServlet'
2020-08-06 10:39:06.238  INFO 15000 --- [nio-8889-exec-1] o.s.web.servlet.DispatcherServlet        : Completed initialization in 5 ms
Hibernate: select question0_.id as id1_2_, question0_.text as text2_2_, question0_.title as title3_2_ from questions question0_
Hibernate: select options0_.question_id as question1_1_0_, options0_.options as options2_1_0_ from question_options options0_ where options0_.question_id=?
Hibernate: select options0_.question_id as question1_1_0_, options0_.options as options2_1_0_ from question_options options0_ where options0_.question_id=?
Hibernate: select options0_.question_id as question1_1_0_, options0_.options as options2_1_0_ from question_options options0_ where options0_.question_id=?
Hibernate: select options0_.question_id as question1_1_0_, options0_.options as options2_1_0_ from question_options options0_ where options0_.question_id=?
Hibernate: select options0_.question_id as question1_1_0_, options0_.options as options2_1_0_ from question_options options0_ where options0_.question_id=?
Hibernate: select options0_.question_id as question1_1_0_, options0_.options as options2_1_0_ from question_options options0_ where options0_.question_id=?
Hibernate: select options0_.question_id as question1_1_0_, options0_.options as options2_1_0_ from question_options options0_ where options0_.question_id=?
?[1;31m
Start test 125?[0m
Hibernate: select question0_.id as id1_2_, question0_.text as text2_2_, question0_.title as title3_2_ from questions question0_
7
5
Hibernate: select options0_.question_id as question1_1_0_, options0_.options as options2_1_0_ from question_options options0_ where options0_.question_id=?
Hibernate: select answer0_.question_id as question1_0_0_, answer0_.answer as answer2_0_0_ from question_answer answer0_ where answer0_.question_id=?
[]
[]
?[1;31m
Start test 126?[0m
Hibernate: select question0_.id as id1_2_, question0_.text as text2_2_, question0_.title as title3_2_ from questions question0_
7
5
Hibernate: select options0_.question_id as question1_1_0_, options0_.options as options2_1_0_ from question_options options0_ where options0_.question_id=?
Hibernate: select answer0_.question_id as question1_0_0_, answer0_.answer as answer2_0_0_ from question_answer answer0_ where answer0_.question_id=?
[0]
[]
?[1;31m
Start test 127?[0m
Hibernate: select question0_.id as id1_2_, question0_.text as text2_2_, question0_.title as title3_2_ from questions question0_
7
6
Hibernate: select options0_.question_id as question1_1_0_, options0_.options as options2_1_0_ from question_options options0_ where options0_.question_id=?
Hibernate: select answer0_.question_id as question1_0_0_, answer0_.answer as answer2_0_0_ from question_answer answer0_ where answer0_.question_id=?
[0,1,2]
[0,1,3]
?[1;31m
Start test 128?[0m
Hibernate: select question0_.id as id1_2_, question0_.text as text2_2_, question0_.title as title3_2_ from questions question0_
7
6
Hibernate: select options0_.question_id as question1_1_0_, options0_.options as options2_1_0_ from question_options options0_ where options0_.question_id=?
Hibernate: select answer0_.question_id as question1_0_0_, answer0_.answer as answer2_0_0_ from question_answer answer0_ where answer0_.question_id=?
[0,1,3]
[0,1,3]
]]></system-out>
  <system-err><![CDATA[]]></system-err>
</testsuite>
